2022-03-02 17:35:40.268  INFO 10828 --- [main] com.tweetApp.demo.DemoApplicationTests   : Starting DemoApplicationTests using Java 1.8.0_311 on LTIN144099 with PID 10828 (started by 918595 in C:\FSE1\TweetApp\TweetApp1)
2022-03-02 17:35:40.335  INFO 10828 --- [main] com.tweetApp.demo.DemoApplicationTests   : No active profile set, falling back to default profiles: default
2022-03-02 17:35:44.580  INFO 10828 --- [main] org.mongodb.driver.cluster               : Cluster created with settings {hosts=[democluster-shard-00-00.mdzr6.mongodb.net:27017, democluster-shard-00-01.mdzr6.mongodb.net:27017, democluster-shard-00-02.mdzr6.mongodb.net:27017], mode=MULTIPLE, requiredClusterType=REPLICA_SET, serverSelectionTimeout='30000 ms', requiredReplicaSetName='atlas-y8z0k7-shard-0'}
2022-03-02 17:35:44.581  INFO 10828 --- [main] org.mongodb.driver.cluster               : Adding discovered server democluster-shard-00-00.mdzr6.mongodb.net:27017 to client view of cluster
2022-03-02 17:35:44.650  INFO 10828 --- [main] org.mongodb.driver.cluster               : Adding discovered server democluster-shard-00-01.mdzr6.mongodb.net:27017 to client view of cluster
2022-03-02 17:35:44.652  INFO 10828 --- [main] org.mongodb.driver.cluster               : Adding discovered server democluster-shard-00-02.mdzr6.mongodb.net:27017 to client view of cluster
2022-03-02 17:35:46.825  INFO 10828 --- [cluster-ClusterId{value='621f5d98f719f14e14743aaa', description='null'}-democluster-shard-00-01.mdzr6.mongodb.net:27017] org.mongodb.driver.connection            : Opened connection [connectionId{localValue:1, serverValue:673237}] to democluster-shard-00-01.mdzr6.mongodb.net:27017
2022-03-02 17:35:46.825  INFO 10828 --- [cluster-ClusterId{value='621f5d98f719f14e14743aaa', description='null'}-democluster-shard-00-00.mdzr6.mongodb.net:27017] org.mongodb.driver.connection            : Opened connection [connectionId{localValue:4, serverValue:660671}] to democluster-shard-00-00.mdzr6.mongodb.net:27017
2022-03-02 17:35:46.825  INFO 10828 --- [cluster-rtt-ClusterId{value='621f5d98f719f14e14743aaa', description='null'}-democluster-shard-00-01.mdzr6.mongodb.net:27017] org.mongodb.driver.connection            : Opened connection [connectionId{localValue:3, serverValue:673237}] to democluster-shard-00-01.mdzr6.mongodb.net:27017
2022-03-02 17:35:46.825  INFO 10828 --- [cluster-ClusterId{value='621f5d98f719f14e14743aaa', description='null'}-democluster-shard-00-02.mdzr6.mongodb.net:27017] org.mongodb.driver.connection            : Opened connection [connectionId{localValue:2, serverValue:658105}] to democluster-shard-00-02.mdzr6.mongodb.net:27017
2022-03-02 17:35:46.825  INFO 10828 --- [cluster-rtt-ClusterId{value='621f5d98f719f14e14743aaa', description='null'}-democluster-shard-00-02.mdzr6.mongodb.net:27017] org.mongodb.driver.connection            : Opened connection [connectionId{localValue:6, serverValue:658104}] to democluster-shard-00-02.mdzr6.mongodb.net:27017
2022-03-02 17:35:46.825  INFO 10828 --- [cluster-rtt-ClusterId{value='621f5d98f719f14e14743aaa', description='null'}-democluster-shard-00-00.mdzr6.mongodb.net:27017] org.mongodb.driver.connection            : Opened connection [connectionId{localValue:5, serverValue:660671}] to democluster-shard-00-00.mdzr6.mongodb.net:27017
2022-03-02 17:35:46.827  INFO 10828 --- [cluster-ClusterId{value='621f5d98f719f14e14743aaa', description='null'}-democluster-shard-00-00.mdzr6.mongodb.net:27017] org.mongodb.driver.cluster               : Monitor thread successfully connected to server with description ServerDescription{address=democluster-shard-00-00.mdzr6.mongodb.net:27017, type=REPLICA_SET_SECONDARY, state=CONNECTED, ok=true, minWireVersion=0, maxWireVersion=13, maxDocumentSize=16777216, logicalSessionTimeoutMinutes=30, roundTripTimeNanos=552645800, setName='atlas-y8z0k7-shard-0', canonicalAddress=democluster-shard-00-00.mdzr6.mongodb.net:27017, hosts=[democluster-shard-00-00.mdzr6.mongodb.net:27017, democluster-shard-00-01.mdzr6.mongodb.net:27017, democluster-shard-00-02.mdzr6.mongodb.net:27017], passives=[], arbiters=[], primary='democluster-shard-00-01.mdzr6.mongodb.net:27017', tagSet=TagSet{[Tag{name='nodeType', value='ELECTABLE'}, Tag{name='provider', value='AWS'}, Tag{name='region', value='AP_SOUTH_1'}, Tag{name='workloadType', value='OPERATIONAL'}]}, electionId=null, setVersion=7, topologyVersion=TopologyVersion{processId=62188b39e4d25b55b57dd92b, counter=4}, lastWriteDate=Wed Mar 02 17:35:47 IST 2022, lastUpdateTimeNanos=780597402155600}
2022-03-02 17:35:46.828  INFO 10828 --- [cluster-ClusterId{value='621f5d98f719f14e14743aaa', description='null'}-democluster-shard-00-02.mdzr6.mongodb.net:27017] org.mongodb.driver.cluster               : Monitor thread successfully connected to server with description ServerDescription{address=democluster-shard-00-02.mdzr6.mongodb.net:27017, type=REPLICA_SET_SECONDARY, state=CONNECTED, ok=true, minWireVersion=0, maxWireVersion=13, maxDocumentSize=16777216, logicalSessionTimeoutMinutes=30, roundTripTimeNanos=553374800, setName='atlas-y8z0k7-shard-0', canonicalAddress=democluster-shard-00-02.mdzr6.mongodb.net:27017, hosts=[democluster-shard-00-00.mdzr6.mongodb.net:27017, democluster-shard-00-01.mdzr6.mongodb.net:27017, democluster-shard-00-02.mdzr6.mongodb.net:27017], passives=[], arbiters=[], primary='democluster-shard-00-01.mdzr6.mongodb.net:27017', tagSet=TagSet{[Tag{name='nodeType', value='ELECTABLE'}, Tag{name='provider', value='AWS'}, Tag{name='region', value='AP_SOUTH_1'}, Tag{name='workloadType', value='OPERATIONAL'}]}, electionId=null, setVersion=7, topologyVersion=TopologyVersion{processId=62188de8e41d9f95e80669aa, counter=3}, lastWriteDate=Wed Mar 02 17:35:47 IST 2022, lastUpdateTimeNanos=780597402297200}
2022-03-02 17:35:46.828  INFO 10828 --- [cluster-ClusterId{value='621f5d98f719f14e14743aaa', description='null'}-democluster-shard-00-01.mdzr6.mongodb.net:27017] org.mongodb.driver.cluster               : Monitor thread successfully connected to server with description ServerDescription{address=democluster-shard-00-01.mdzr6.mongodb.net:27017, type=REPLICA_SET_PRIMARY, state=CONNECTED, ok=true, minWireVersion=0, maxWireVersion=13, maxDocumentSize=16777216, logicalSessionTimeoutMinutes=30, roundTripTimeNanos=554076300, setName='atlas-y8z0k7-shard-0', canonicalAddress=democluster-shard-00-01.mdzr6.mongodb.net:27017, hosts=[democluster-shard-00-00.mdzr6.mongodb.net:27017, democluster-shard-00-01.mdzr6.mongodb.net:27017, democluster-shard-00-02.mdzr6.mongodb.net:27017], passives=[], arbiters=[], primary='democluster-shard-00-01.mdzr6.mongodb.net:27017', tagSet=TagSet{[Tag{name='nodeType', value='ELECTABLE'}, Tag{name='provider', value='AWS'}, Tag{name='region', value='AP_SOUTH_1'}, Tag{name='workloadType', value='OPERATIONAL'}]}, electionId=7fffffff00000000000000b2, setVersion=7, topologyVersion=TopologyVersion{processId=62188c9a547d6ff139f5560e, counter=6}, lastWriteDate=Wed Mar 02 17:35:47 IST 2022, lastUpdateTimeNanos=780597402166000}
2022-03-02 17:35:46.832  INFO 10828 --- [cluster-ClusterId{value='621f5d98f719f14e14743aaa', description='null'}-democluster-shard-00-01.mdzr6.mongodb.net:27017] org.mongodb.driver.cluster               : Setting max election id to 7fffffff00000000000000b2 from replica set primary democluster-shard-00-01.mdzr6.mongodb.net:27017
2022-03-02 17:35:46.832  INFO 10828 --- [cluster-ClusterId{value='621f5d98f719f14e14743aaa', description='null'}-democluster-shard-00-01.mdzr6.mongodb.net:27017] org.mongodb.driver.cluster               : Setting max set version to 7 from replica set primary democluster-shard-00-01.mdzr6.mongodb.net:27017
2022-03-02 17:35:46.833  INFO 10828 --- [cluster-ClusterId{value='621f5d98f719f14e14743aaa', description='null'}-democluster-shard-00-01.mdzr6.mongodb.net:27017] org.mongodb.driver.cluster               : Discovered replica set primary democluster-shard-00-01.mdzr6.mongodb.net:27017
2022-03-02 17:35:52.929  INFO 10828 --- [main] o.a.k.clients.admin.AdminClientConfig    : AdminClientConfig values: 
	bootstrap.servers = [localhost:9092]
	client.dns.lookup = use_all_dns_ips
	client.id = 
	connections.max.idle.ms = 300000
	default.api.timeout.ms = 60000
	metadata.max.age.ms = 300000
	metric.reporters = []
	metrics.num.samples = 2
	metrics.recording.level = INFO
	metrics.sample.window.ms = 30000
	receive.buffer.bytes = 65536
	reconnect.backoff.max.ms = 1000
	reconnect.backoff.ms = 50
	request.timeout.ms = 30000
	retries = 2147483647
	retry.backoff.ms = 100
	sasl.client.callback.handler.class = null
	sasl.jaas.config = null
	sasl.kerberos.kinit.cmd = /usr/bin/kinit
	sasl.kerberos.min.time.before.relogin = 60000
	sasl.kerberos.service.name = null
	sasl.kerberos.ticket.renew.jitter = 0.05
	sasl.kerberos.ticket.renew.window.factor = 0.8
	sasl.login.callback.handler.class = null
	sasl.login.class = null
	sasl.login.refresh.buffer.seconds = 300
	sasl.login.refresh.min.period.seconds = 60
	sasl.login.refresh.window.factor = 0.8
	sasl.login.refresh.window.jitter = 0.05
	sasl.mechanism = GSSAPI
	security.protocol = PLAINTEXT
	security.providers = null
	send.buffer.bytes = 131072
	socket.connection.setup.timeout.max.ms = 127000
	socket.connection.setup.timeout.ms = 10000
	ssl.cipher.suites = null
	ssl.enabled.protocols = [TLSv1.2]
	ssl.endpoint.identification.algorithm = https
	ssl.engine.factory.class = null
	ssl.key.password = null
	ssl.keymanager.algorithm = SunX509
	ssl.keystore.certificate.chain = null
	ssl.keystore.key = null
	ssl.keystore.location = null
	ssl.keystore.password = null
	ssl.keystore.type = JKS
	ssl.protocol = TLSv1.2
	ssl.provider = null
	ssl.secure.random.implementation = null
	ssl.trustmanager.algorithm = PKIX
	ssl.truststore.certificates = null
	ssl.truststore.location = null
	ssl.truststore.password = null
	ssl.truststore.type = JKS

2022-03-02 17:35:53.464  INFO 10828 --- [main] o.a.kafka.common.utils.AppInfoParser     : Kafka version: 2.7.1
2022-03-02 17:35:53.468  INFO 10828 --- [main] o.a.kafka.common.utils.AppInfoParser     : Kafka commitId: 61dbce85d0d41457
2022-03-02 17:35:53.469  INFO 10828 --- [main] o.a.kafka.common.utils.AppInfoParser     : Kafka startTimeMs: 1646222753457
2022-03-02 17:35:54.762  INFO 10828 --- [kafka-admin-client-thread | adminclient-1] o.a.kafka.common.utils.AppInfoParser     : App info kafka.admin.client for adminclient-1 unregistered
2022-03-02 17:35:54.773  INFO 10828 --- [kafka-admin-client-thread | adminclient-1] org.apache.kafka.common.metrics.Metrics  : Metrics scheduler closed
2022-03-02 17:35:54.773  INFO 10828 --- [kafka-admin-client-thread | adminclient-1] org.apache.kafka.common.metrics.Metrics  : Closing reporter org.apache.kafka.common.metrics.JmxReporter
2022-03-02 17:35:54.774  INFO 10828 --- [kafka-admin-client-thread | adminclient-1] org.apache.kafka.common.metrics.Metrics  : Metrics reporters closed
2022-03-02 17:35:54.871  INFO 10828 --- [main] o.a.k.clients.consumer.ConsumerConfig    : ConsumerConfig values: 
	allow.auto.create.topics = true
	auto.commit.interval.ms = 5000
	auto.offset.reset = earliest
	bootstrap.servers = [localhost:9092]
	check.crcs = true
	client.dns.lookup = use_all_dns_ips
	client.id = consumer-group_id-1
	client.rack = 
	connections.max.idle.ms = 540000
	default.api.timeout.ms = 60000
	enable.auto.commit = false
	exclude.internal.topics = true
	fetch.max.bytes = 52428800
	fetch.max.wait.ms = 500
	fetch.min.bytes = 1
	group.id = group_id
	group.instance.id = null
	heartbeat.interval.ms = 3000
	interceptor.classes = []
	internal.leave.group.on.close = true
	internal.throw.on.fetch.stable.offset.unsupported = false
	isolation.level = read_uncommitted
	key.deserializer = class org.apache.kafka.common.serialization.StringDeserializer
	max.partition.fetch.bytes = 1048576
	max.poll.interval.ms = 300000
	max.poll.records = 500
	metadata.max.age.ms = 300000
	metric.reporters = []
	metrics.num.samples = 2
	metrics.recording.level = INFO
	metrics.sample.window.ms = 30000
	partition.assignment.strategy = [class org.apache.kafka.clients.consumer.RangeAssignor]
	receive.buffer.bytes = 65536
	reconnect.backoff.max.ms = 1000
	reconnect.backoff.ms = 50
	request.timeout.ms = 30000
	retry.backoff.ms = 100
	sasl.client.callback.handler.class = null
	sasl.jaas.config = null
	sasl.kerberos.kinit.cmd = /usr/bin/kinit
	sasl.kerberos.min.time.before.relogin = 60000
	sasl.kerberos.service.name = null
	sasl.kerberos.ticket.renew.jitter = 0.05
	sasl.kerberos.ticket.renew.window.factor = 0.8
	sasl.login.callback.handler.class = null
	sasl.login.class = null
	sasl.login.refresh.buffer.seconds = 300
	sasl.login.refresh.min.period.seconds = 60
	sasl.login.refresh.window.factor = 0.8
	sasl.login.refresh.window.jitter = 0.05
	sasl.mechanism = GSSAPI
	security.protocol = PLAINTEXT
	security.providers = null
	send.buffer.bytes = 131072
	session.timeout.ms = 10000
	socket.connection.setup.timeout.max.ms = 127000
	socket.connection.setup.timeout.ms = 10000
	ssl.cipher.suites = null
	ssl.enabled.protocols = [TLSv1.2]
	ssl.endpoint.identification.algorithm = https
	ssl.engine.factory.class = null
	ssl.key.password = null
	ssl.keymanager.algorithm = SunX509
	ssl.keystore.certificate.chain = null
	ssl.keystore.key = null
	ssl.keystore.location = null
	ssl.keystore.password = null
	ssl.keystore.type = JKS
	ssl.protocol = TLSv1.2
	ssl.provider = null
	ssl.secure.random.implementation = null
	ssl.trustmanager.algorithm = PKIX
	ssl.truststore.certificates = null
	ssl.truststore.location = null
	ssl.truststore.password = null
	ssl.truststore.type = JKS
	value.deserializer = class org.apache.kafka.common.serialization.StringDeserializer

2022-03-02 17:35:54.983  INFO 10828 --- [main] o.a.kafka.common.utils.AppInfoParser     : Kafka version: 2.7.1
2022-03-02 17:35:54.984  INFO 10828 --- [main] o.a.kafka.common.utils.AppInfoParser     : Kafka commitId: 61dbce85d0d41457
2022-03-02 17:35:54.984  INFO 10828 --- [main] o.a.kafka.common.utils.AppInfoParser     : Kafka startTimeMs: 1646222754983
2022-03-02 17:35:55.032  INFO 10828 --- [main] o.a.k.clients.consumer.KafkaConsumer     : [Consumer clientId=consumer-group_id-1, groupId=group_id] Subscribed to topic(s): Tweets
2022-03-02 17:35:55.105  INFO 10828 --- [org.springframework.kafka.KafkaListenerEndpointContainer#0-0-C-1] org.apache.kafka.clients.Metadata        : [Consumer clientId=consumer-group_id-1, groupId=group_id] Cluster ID: lRjVe0AZQYyxlN5Q-D6xXg
2022-03-02 17:35:55.107  INFO 10828 --- [org.springframework.kafka.KafkaListenerEndpointContainer#0-0-C-1] o.a.k.c.c.internals.AbstractCoordinator  : [Consumer clientId=consumer-group_id-1, groupId=group_id] Discovered group coordinator 127.0.0.1:9092 (id: 2147483647 rack: null)
2022-03-02 17:35:55.115  INFO 10828 --- [org.springframework.kafka.KafkaListenerEndpointContainer#0-0-C-1] o.a.k.c.c.internals.AbstractCoordinator  : [Consumer clientId=consumer-group_id-1, groupId=group_id] (Re-)joining group
2022-03-02 17:35:55.141  INFO 10828 --- [main] com.tweetApp.demo.DemoApplicationTests   : Started DemoApplicationTests in 15.571 seconds (JVM running for 17.639)
2022-03-02 17:35:55.162  INFO 10828 --- [org.springframework.kafka.KafkaListenerEndpointContainer#0-0-C-1] o.a.k.c.c.internals.AbstractCoordinator  : [Consumer clientId=consumer-group_id-1, groupId=group_id] (Re-)joining group
2022-03-02 17:35:56.382  WARN 10828 --- [main] wtTokenAuthorizationOncePerRequestFilter : JWT_TOKEN_DOES_NOT_START_WITH_BEARER_STRING
2022-03-02 17:35:57.756  INFO 10828 --- [org.springframework.kafka.KafkaListenerEndpointContainer#0-0-C-1] o.a.k.c.c.internals.AbstractCoordinator  : [Consumer clientId=consumer-group_id-1, groupId=group_id] Successfully joined group with generation Generation{generationId=21, memberId='consumer-group_id-1-b85babda-47dd-4779-bed1-ce2e38aa2345', protocol='range'}
2022-03-02 17:35:57.779  INFO 10828 --- [org.springframework.kafka.KafkaListenerEndpointContainer#0-0-C-1] o.a.k.c.c.internals.AbstractCoordinator  : [Consumer clientId=consumer-group_id-1, groupId=group_id] Successfully synced group in generation Generation{generationId=21, memberId='consumer-group_id-1-b85babda-47dd-4779-bed1-ce2e38aa2345', protocol='range'}
2022-03-02 17:35:57.791  INFO 10828 --- [org.springframework.kafka.KafkaListenerEndpointContainer#0-0-C-1] o.a.k.c.c.internals.ConsumerCoordinator  : [Consumer clientId=consumer-group_id-1, groupId=group_id] Notifying assignor about the new Assignment(partitions=[Tweets-2])
2022-03-02 17:35:57.801  INFO 10828 --- [org.springframework.kafka.KafkaListenerEndpointContainer#0-0-C-1] o.a.k.c.c.internals.ConsumerCoordinator  : [Consumer clientId=consumer-group_id-1, groupId=group_id] Adding newly assigned partitions: Tweets-2
2022-03-02 17:35:57.822  INFO 10828 --- [org.springframework.kafka.KafkaListenerEndpointContainer#0-0-C-1] o.a.k.c.c.internals.ConsumerCoordinator  : [Consumer clientId=consumer-group_id-1, groupId=group_id] Setting offset for partition Tweets-2 to the committed offset FetchPosition{offset=1, offsetEpoch=Optional.empty, currentLeader=LeaderAndEpoch{leader=Optional[127.0.0.1:9092 (id: 0 rack: null)], epoch=0}}
2022-03-02 17:35:58.288  INFO 10828 --- [main] org.mongodb.driver.connection            : Opened connection [connectionId{localValue:7, serverValue:673269}] to democluster-shard-00-01.mdzr6.mongodb.net:27017
2022-03-02 17:35:58.727  WARN 10828 --- [main] wtTokenAuthorizationOncePerRequestFilter : JWT_TOKEN_DOES_NOT_START_WITH_BEARER_STRING
2022-03-02 17:35:59.009  INFO 10828 --- [main] com.tweetApp.services.TweetsService      : Users(firstName=sample2, lastName=sample2, userId=sample2, password=sample22, email=sample2@gmail.com, contactNumber=9999999999, tweets=[Tweets(tweetId=61cc1e0b886ef16739919d0c, tweetText=Tweet updated!, createdAt=01/02/2022, likes=23, parentTweetId=null, replies=[Tweets(tweetId=620b5afe66a3c63d339dd58f, tweetText=thanks for updating, createdAt=15/02/2022, likes=0, parentTweetId=61cc1e0b886ef16739919d0c, replies=[]), Tweets(tweetId=6213393b8b5dda30a3ca22ed, tweetText=@sample1:-testing replying from angular , createdAt=21/02/2022, likes=0, parentTweetId=61cc1e0b886ef16739919d0c, replies=[]), Tweets(tweetId=62133a078b5dda30a3ca232b, tweetText=@sample1:-testing closing addreply, createdAt=21/02/2022, likes=0, parentTweetId=61cc1e0b886ef16739919d0c, replies=[]), Tweets(tweetId=621f5da7f719f14e14743ab0, tweetText=@sample1:-test after adding autoreload , createdAt=21/02/2022, likes=0, parentTweetId=61cc1e0b886ef16739919d0c, replies=[])]), Tweets(tweetId=620a588f71e2833f798c7034, tweetText=hi sample1!this is sample2, createdAt=14/02/2022, likes=17, parentTweetId=61cb1805dca3627e7260941d, replies=[]), Tweets(tweetId=620a5af971e2833f798c70bd, tweetText=hi sample1!this is sample2, createdAt=14/02/2022, likes=12, parentTweetId=61fa7f6a01ff5038bedfcc8d, replies=[Tweets(tweetId=620b512463053c2277b5dd8b, tweetText=Hello sample2! nice to meet you, createdAt=15/02/2022, likes=0, parentTweetId=620a5af971e2833f798c70bd, replies=[])]), Tweets(tweetId=620a612171e2833f798c7340, tweetText=hi sample1!this is sample2, createdAt=14/02/2022, likes=11, parentTweetId=61fa7fc0f711251961f42751, replies=[Tweets(tweetId=620b90a85a1d3a15b2f3f14c, tweetText=@sample1:-who are you?, createdAt=15/02/2022, likes=0, parentTweetId=620a612171e2833f798c7340, replies=[]), Tweets(tweetId=620b90e55a1d3a15b2f3f172, tweetText=@sample3:-Hey sample1 I know him.He is sample2 from xxx., createdAt=15/02/2022, likes=0, parentTweetId=620a612171e2833f798c7340, replies=[])])])
2022-03-02 17:35:59.046  WARN 10828 --- [main] wtTokenAuthorizationOncePerRequestFilter : JWT_TOKEN_DOES_NOT_START_WITH_BEARER_STRING
2022-03-02 17:35:59.331 ERROR 10828 --- [main] com.tweetApp.services.TweetsService      : No user found containing given name
2022-03-02 17:35:59.406  WARN 10828 --- [main] wtTokenAuthorizationOncePerRequestFilter : JWT_TOKEN_DOES_NOT_START_WITH_BEARER_STRING
2022-03-02 17:35:59.614  WARN 10828 --- [main] wtTokenAuthorizationOncePerRequestFilter : JWT_TOKEN_DOES_NOT_START_WITH_BEARER_STRING
2022-03-02 17:35:59.830  WARN 10828 --- [main] wtTokenAuthorizationOncePerRequestFilter : JWT_TOKEN_DOES_NOT_START_WITH_BEARER_STRING
2022-03-02 17:36:00.062  WARN 10828 --- [main] wtTokenAuthorizationOncePerRequestFilter : JWT_TOKEN_DOES_NOT_START_WITH_BEARER_STRING
2022-03-02 17:36:00.291  WARN 10828 --- [main] wtTokenAuthorizationOncePerRequestFilter : JWT_TOKEN_DOES_NOT_START_WITH_BEARER_STRING
2022-03-02 17:36:00.558  INFO 10828 --- [main] com.tweetApp.services.TweetsService      : No value present
2022-03-02 17:36:00.572  WARN 10828 --- [main] wtTokenAuthorizationOncePerRequestFilter : JWT_TOKEN_DOES_NOT_START_WITH_BEARER_STRING
2022-03-02 17:36:00.785  INFO 10828 --- [main] o.a.kafka.clients.producer.Producer      : inside kafka producer for registering user
2022-03-02 17:36:00.829  INFO 10828 --- [main] o.a.k.clients.producer.ProducerConfig    : ProducerConfig values: 
	acks = 1
	batch.size = 16384
	bootstrap.servers = [localhost:9092]
	buffer.memory = 33554432
	client.dns.lookup = use_all_dns_ips
	client.id = producer-1
	compression.type = none
	connections.max.idle.ms = 540000
	delivery.timeout.ms = 120000
	enable.idempotence = false
	interceptor.classes = []
	internal.auto.downgrade.txn.commit = true
	key.serializer = class org.apache.kafka.common.serialization.StringSerializer
	linger.ms = 0
	max.block.ms = 60000
	max.in.flight.requests.per.connection = 5
	max.request.size = 1048576
	metadata.max.age.ms = 300000
	metadata.max.idle.ms = 300000
	metric.reporters = []
	metrics.num.samples = 2
	metrics.recording.level = INFO
	metrics.sample.window.ms = 30000
	partitioner.class = class org.apache.kafka.clients.producer.internals.DefaultPartitioner
	receive.buffer.bytes = 32768
	reconnect.backoff.max.ms = 1000
	reconnect.backoff.ms = 50
	request.timeout.ms = 30000
	retries = 2147483647
	retry.backoff.ms = 100
	sasl.client.callback.handler.class = null
	sasl.jaas.config = null
	sasl.kerberos.kinit.cmd = /usr/bin/kinit
	sasl.kerberos.min.time.before.relogin = 60000
	sasl.kerberos.service.name = null
	sasl.kerberos.ticket.renew.jitter = 0.05
	sasl.kerberos.ticket.renew.window.factor = 0.8
	sasl.login.callback.handler.class = null
	sasl.login.class = null
	sasl.login.refresh.buffer.seconds = 300
	sasl.login.refresh.min.period.seconds = 60
	sasl.login.refresh.window.factor = 0.8
	sasl.login.refresh.window.jitter = 0.05
	sasl.mechanism = GSSAPI
	security.protocol = PLAINTEXT
	security.providers = null
	send.buffer.bytes = 131072
	socket.connection.setup.timeout.max.ms = 127000
	socket.connection.setup.timeout.ms = 10000
	ssl.cipher.suites = null
	ssl.enabled.protocols = [TLSv1.2]
	ssl.endpoint.identification.algorithm = https
	ssl.engine.factory.class = null
	ssl.key.password = null
	ssl.keymanager.algorithm = SunX509
	ssl.keystore.certificate.chain = null
	ssl.keystore.key = null
	ssl.keystore.location = null
	ssl.keystore.password = null
	ssl.keystore.type = JKS
	ssl.protocol = TLSv1.2
	ssl.provider = null
	ssl.secure.random.implementation = null
	ssl.trustmanager.algorithm = PKIX
	ssl.truststore.certificates = null
	ssl.truststore.location = null
	ssl.truststore.password = null
	ssl.truststore.type = JKS
	transaction.timeout.ms = 60000
	transactional.id = null
	value.serializer = class org.apache.kafka.common.serialization.StringSerializer

2022-03-02 17:36:00.948  INFO 10828 --- [main] o.a.kafka.common.utils.AppInfoParser     : Kafka version: 2.7.1
2022-03-02 17:36:00.951  INFO 10828 --- [main] o.a.kafka.common.utils.AppInfoParser     : Kafka commitId: 61dbce85d0d41457
2022-03-02 17:36:00.951  INFO 10828 --- [main] o.a.kafka.common.utils.AppInfoParser     : Kafka startTimeMs: 1646222760948
2022-03-02 17:36:00.968  INFO 10828 --- [kafka-producer-network-thread | producer-1] org.apache.kafka.clients.Metadata        : [Producer clientId=producer-1] Cluster ID: lRjVe0AZQYyxlN5Q-D6xXg
2022-03-02 17:36:01.179  WARN 10828 --- [main] wtTokenAuthorizationOncePerRequestFilter : JWT_TOKEN_DOES_NOT_START_WITH_BEARER_STRING
2022-03-02 17:36:01.650  WARN 10828 --- [main] wtTokenAuthorizationOncePerRequestFilter : JWT_TOKEN_DOES_NOT_START_WITH_BEARER_STRING
2022-03-02 17:36:01.924  WARN 10828 --- [main] wtTokenAuthorizationOncePerRequestFilter : JWT_TOKEN_DOES_NOT_START_WITH_BEARER_STRING
2022-03-02 17:36:02.141  WARN 10828 --- [main] wtTokenAuthorizationOncePerRequestFilter : JWT_TOKEN_DOES_NOT_START_WITH_BEARER_STRING
2022-03-02 17:36:02.331  INFO 10828 --- [main] com.tweetApp.services.TweetsService      : No value present
2022-03-02 17:36:02.345  WARN 10828 --- [main] wtTokenAuthorizationOncePerRequestFilter : JWT_TOKEN_DOES_NOT_START_WITH_BEARER_STRING
2022-03-02 17:36:02.459  INFO 10828 --- [main] com.tweetApp.services.TweetsService      : sample1
2022-03-02 17:36:02.459  INFO 10828 --- [main] com.tweetApp.services.TweetsService      : 61fa73d8db05e170d2f43914
2022-03-02 17:36:02.558 ERROR 10828 --- [main] com.tweetApp.services.TweetsService      : No value present
2022-03-02 17:36:02.570  WARN 10828 --- [main] wtTokenAuthorizationOncePerRequestFilter : JWT_TOKEN_DOES_NOT_START_WITH_BEARER_STRING
2022-03-02 17:36:02.677  INFO 10828 --- [main] o.a.kafka.clients.producer.Producer      : inside kafka producer for registering user
2022-03-02 17:36:02.693  WARN 10828 --- [main] wtTokenAuthorizationOncePerRequestFilter : JWT_TOKEN_DOES_NOT_START_WITH_BEARER_STRING
2022-03-02 17:36:02.707  INFO 10828 --- [org.springframework.kafka.KafkaListenerEndpointContainer#0-0-C-1] com.tweetApp.kafka.kafkaConsumer         : inside consumer for registering user
2022-03-02 17:36:02.720  INFO 10828 --- [org.springframework.kafka.KafkaListenerEndpointContainer#0-0-C-1] com.tweetApp.kafka.kafkaConsumer         : Users(firstName=yyy, lastName=yyy, userId=x0.8857992799247859, password=yyy, email=yyy@gmail.com, contactNumber=9999999999, tweets=[])
2022-03-02 17:36:02.777  INFO 10828 --- [org.springframework.kafka.KafkaListenerEndpointContainer#0-0-C-1] com.tweetApp.kafka.kafkaConsumer         : user saved successfully!
2022-03-02 17:36:02.907  WARN 10828 --- [main] wtTokenAuthorizationOncePerRequestFilter : JWT_TOKEN_DOES_NOT_START_WITH_BEARER_STRING
2022-03-02 17:36:03.269  WARN 10828 --- [main] wtTokenAuthorizationOncePerRequestFilter : JWT_TOKEN_DOES_NOT_START_WITH_BEARER_STRING
2022-03-02 17:36:03.382  INFO 10828 --- [main] com.tweetApp.services.TweetsService      : sample1
2022-03-02 17:36:03.382  INFO 10828 --- [main] com.tweetApp.services.TweetsService      : 62188be75cf0372f8992bae4
2022-03-02 17:36:03.487 ERROR 10828 --- [main] com.tweetApp.services.TweetsService      : No value present
2022-03-02 17:36:03.499  WARN 10828 --- [main] wtTokenAuthorizationOncePerRequestFilter : JWT_TOKEN_DOES_NOT_START_WITH_BEARER_STRING
2022-03-02 17:36:03.604  INFO 10828 --- [main] com.tweetApp.services.TweetsService      : xxx23
2022-03-02 17:36:03.605  INFO 10828 --- [main] com.tweetApp.services.TweetsService      : 61fa73d8db05e170d2f43914
2022-03-02 17:36:03.710 ERROR 10828 --- [main] com.tweetApp.services.TweetsService      : No value present
2022-03-02 17:36:03.719  WARN 10828 --- [main] wtTokenAuthorizationOncePerRequestFilter : JWT_TOKEN_DOES_NOT_START_WITH_BEARER_STRING
2022-03-02 17:36:03.885  WARN 10828 --- [main] wtTokenAuthorizationOncePerRequestFilter : JWT_TOKEN_DOES_NOT_START_WITH_BEARER_STRING
2022-03-02 17:36:04.055  WARN 10828 --- [main] wtTokenAuthorizationOncePerRequestFilter : JWT_TOKEN_DOES_NOT_START_WITH_BEARER_STRING
2022-03-02 17:36:04.269  INFO 10828 --- [main] com.tweetApp.services.TweetsService      : No value present
2022-03-02 17:36:04.280  WARN 10828 --- [main] wtTokenAuthorizationOncePerRequestFilter : JWT_TOKEN_DOES_NOT_START_WITH_BEARER_STRING
2022-03-02 17:36:04.380  INFO 10828 --- [main] com.tweetApp.services.TweetsService      : xxx
2022-03-02 17:36:04.381  INFO 10828 --- [main] com.tweetApp.services.TweetsService      : 61fa731702757d33a9b0461d
2022-03-02 17:36:04.479 ERROR 10828 --- [main] com.tweetApp.services.TweetsService      : No value present
2022-03-02 17:36:04.490  WARN 10828 --- [main] wtTokenAuthorizationOncePerRequestFilter : JWT_TOKEN_DOES_NOT_START_WITH_BEARER_STRING
2022-03-02 17:36:04.656  WARN 10828 --- [main] wtTokenAuthorizationOncePerRequestFilter : JWT_TOKEN_DOES_NOT_START_WITH_BEARER_STRING
2022-03-02 17:36:04.826 ERROR 10828 --- [main] com.tweetApp.services.TweetsService      : No user found with the given Id
2022-03-02 17:36:04.932  INFO 10828 --- [org.springframework.kafka.KafkaListenerEndpointContainer#0-0-C-1] o.a.k.c.c.internals.ConsumerCoordinator  : [Consumer clientId=consumer-group_id-1, groupId=group_id] Revoke previously assigned partitions Tweets-2
2022-03-02 17:36:04.934  INFO 10828 --- [org.springframework.kafka.KafkaListenerEndpointContainer#0-0-C-1] o.a.k.c.c.internals.AbstractCoordinator  : [Consumer clientId=consumer-group_id-1, groupId=group_id] Member consumer-group_id-1-b85babda-47dd-4779-bed1-ce2e38aa2345 sending LeaveGroup request to coordinator 127.0.0.1:9092 (id: 2147483647 rack: null) due to the consumer unsubscribed from all topics
2022-03-02 17:36:04.936  INFO 10828 --- [org.springframework.kafka.KafkaListenerEndpointContainer#0-0-C-1] o.a.k.clients.consumer.KafkaConsumer     : [Consumer clientId=consumer-group_id-1, groupId=group_id] Unsubscribed all topics or patterns and assigned partitions
2022-03-02 17:36:04.949  INFO 10828 --- [org.springframework.kafka.KafkaListenerEndpointContainer#0-0-C-1] org.apache.kafka.common.metrics.Metrics  : Metrics scheduler closed
2022-03-02 17:36:04.949  INFO 10828 --- [org.springframework.kafka.KafkaListenerEndpointContainer#0-0-C-1] org.apache.kafka.common.metrics.Metrics  : Closing reporter org.apache.kafka.common.metrics.JmxReporter
2022-03-02 17:36:04.949  INFO 10828 --- [org.springframework.kafka.KafkaListenerEndpointContainer#0-0-C-1] org.apache.kafka.common.metrics.Metrics  : Metrics reporters closed
2022-03-02 17:36:04.956  INFO 10828 --- [org.springframework.kafka.KafkaListenerEndpointContainer#0-0-C-1] o.a.kafka.common.utils.AppInfoParser     : App info kafka.consumer for consumer-group_id-1 unregistered
2022-03-02 17:36:04.966  INFO 10828 --- [SpringApplicationShutdownHook] o.a.k.clients.producer.KafkaProducer     : [Producer clientId=producer-1] Closing the Kafka producer with timeoutMillis = 30000 ms.
2022-03-02 17:36:04.975  INFO 10828 --- [SpringApplicationShutdownHook] org.apache.kafka.common.metrics.Metrics  : Metrics scheduler closed
2022-03-02 17:36:04.975  INFO 10828 --- [SpringApplicationShutdownHook] org.apache.kafka.common.metrics.Metrics  : Closing reporter org.apache.kafka.common.metrics.JmxReporter
2022-03-02 17:36:04.976  INFO 10828 --- [SpringApplicationShutdownHook] org.apache.kafka.common.metrics.Metrics  : Metrics reporters closed
2022-03-02 17:36:04.976  INFO 10828 --- [SpringApplicationShutdownHook] o.a.kafka.common.utils.AppInfoParser     : App info kafka.producer for producer-1 unregistered
2022-03-02 17:36:05.045  INFO 10828 --- [SpringApplicationShutdownHook] org.mongodb.driver.connection            : Closed connection [connectionId{localValue:7, serverValue:673269}] to democluster-shard-00-01.mdzr6.mongodb.net:27017 because the pool has been closed.
2022-03-02 17:37:05.919  INFO 3140 --- [main] com.tweetApp.demo.DemoApplicationTests   : Starting DemoApplicationTests using Java 1.8.0_311 on LTIN144099 with PID 3140 (started by 918595 in C:\FSE1\TweetApp\TweetApp1)
2022-03-02 17:37:05.921  INFO 3140 --- [main] com.tweetApp.demo.DemoApplicationTests   : No active profile set, falling back to default profiles: default
2022-03-02 17:37:10.952  INFO 3140 --- [main] org.mongodb.driver.cluster               : Cluster created with settings {hosts=[democluster-shard-00-00.mdzr6.mongodb.net:27017, democluster-shard-00-01.mdzr6.mongodb.net:27017, democluster-shard-00-02.mdzr6.mongodb.net:27017], mode=MULTIPLE, requiredClusterType=REPLICA_SET, serverSelectionTimeout='30000 ms', requiredReplicaSetName='atlas-y8z0k7-shard-0'}
2022-03-02 17:37:10.953  INFO 3140 --- [main] org.mongodb.driver.cluster               : Adding discovered server democluster-shard-00-00.mdzr6.mongodb.net:27017 to client view of cluster
2022-03-02 17:37:11.046  INFO 3140 --- [main] org.mongodb.driver.cluster               : Adding discovered server democluster-shard-00-01.mdzr6.mongodb.net:27017 to client view of cluster
2022-03-02 17:37:11.048  INFO 3140 --- [main] org.mongodb.driver.cluster               : Adding discovered server democluster-shard-00-02.mdzr6.mongodb.net:27017 to client view of cluster
2022-03-02 17:37:13.162  INFO 3140 --- [cluster-ClusterId{value='621f5dee1490441595b3c44e', description='null'}-democluster-shard-00-01.mdzr6.mongodb.net:27017] org.mongodb.driver.connection            : Opened connection [connectionId{localValue:4, serverValue:673423}] to democluster-shard-00-01.mdzr6.mongodb.net:27017
2022-03-02 17:37:13.162  INFO 3140 --- [cluster-rtt-ClusterId{value='621f5dee1490441595b3c44e', description='null'}-democluster-shard-00-01.mdzr6.mongodb.net:27017] org.mongodb.driver.connection            : Opened connection [connectionId{localValue:5, serverValue:673410}] to democluster-shard-00-01.mdzr6.mongodb.net:27017
2022-03-02 17:37:13.162  INFO 3140 --- [cluster-rtt-ClusterId{value='621f5dee1490441595b3c44e', description='null'}-democluster-shard-00-02.mdzr6.mongodb.net:27017] org.mongodb.driver.connection            : Opened connection [connectionId{localValue:1, serverValue:658291}] to democluster-shard-00-02.mdzr6.mongodb.net:27017
2022-03-02 17:37:13.162  INFO 3140 --- [cluster-ClusterId{value='621f5dee1490441595b3c44e', description='null'}-democluster-shard-00-02.mdzr6.mongodb.net:27017] org.mongodb.driver.connection            : Opened connection [connectionId{localValue:2, serverValue:658291}] to democluster-shard-00-02.mdzr6.mongodb.net:27017
2022-03-02 17:37:13.162  INFO 3140 --- [cluster-rtt-ClusterId{value='621f5dee1490441595b3c44e', description='null'}-democluster-shard-00-00.mdzr6.mongodb.net:27017] org.mongodb.driver.connection            : Opened connection [connectionId{localValue:6, serverValue:660858}] to democluster-shard-00-00.mdzr6.mongodb.net:27017
2022-03-02 17:37:13.162  INFO 3140 --- [cluster-ClusterId{value='621f5dee1490441595b3c44e', description='null'}-democluster-shard-00-00.mdzr6.mongodb.net:27017] org.mongodb.driver.connection            : Opened connection [connectionId{localValue:3, serverValue:660858}] to democluster-shard-00-00.mdzr6.mongodb.net:27017
2022-03-02 17:37:13.165  INFO 3140 --- [cluster-ClusterId{value='621f5dee1490441595b3c44e', description='null'}-democluster-shard-00-00.mdzr6.mongodb.net:27017] org.mongodb.driver.cluster               : Monitor thread successfully connected to server with description ServerDescription{address=democluster-shard-00-00.mdzr6.mongodb.net:27017, type=REPLICA_SET_SECONDARY, state=CONNECTED, ok=true, minWireVersion=0, maxWireVersion=13, maxDocumentSize=16777216, logicalSessionTimeoutMinutes=30, roundTripTimeNanos=586392000, setName='atlas-y8z0k7-shard-0', canonicalAddress=democluster-shard-00-00.mdzr6.mongodb.net:27017, hosts=[democluster-shard-00-00.mdzr6.mongodb.net:27017, democluster-shard-00-01.mdzr6.mongodb.net:27017, democluster-shard-00-02.mdzr6.mongodb.net:27017], passives=[], arbiters=[], primary='democluster-shard-00-01.mdzr6.mongodb.net:27017', tagSet=TagSet{[Tag{name='nodeType', value='ELECTABLE'}, Tag{name='provider', value='AWS'}, Tag{name='region', value='AP_SOUTH_1'}, Tag{name='workloadType', value='OPERATIONAL'}]}, electionId=null, setVersion=7, topologyVersion=TopologyVersion{processId=62188b39e4d25b55b57dd92b, counter=4}, lastWriteDate=Wed Mar 02 17:37:13 IST 2022, lastUpdateTimeNanos=780683739900700}
2022-03-02 17:37:13.164  INFO 3140 --- [cluster-ClusterId{value='621f5dee1490441595b3c44e', description='null'}-democluster-shard-00-01.mdzr6.mongodb.net:27017] org.mongodb.driver.cluster               : Monitor thread successfully connected to server with description ServerDescription{address=democluster-shard-00-01.mdzr6.mongodb.net:27017, type=REPLICA_SET_PRIMARY, state=CONNECTED, ok=true, minWireVersion=0, maxWireVersion=13, maxDocumentSize=16777216, logicalSessionTimeoutMinutes=30, roundTripTimeNanos=595167800, setName='atlas-y8z0k7-shard-0', canonicalAddress=democluster-shard-00-01.mdzr6.mongodb.net:27017, hosts=[democluster-shard-00-00.mdzr6.mongodb.net:27017, democluster-shard-00-01.mdzr6.mongodb.net:27017, democluster-shard-00-02.mdzr6.mongodb.net:27017], passives=[], arbiters=[], primary='democluster-shard-00-01.mdzr6.mongodb.net:27017', tagSet=TagSet{[Tag{name='nodeType', value='ELECTABLE'}, Tag{name='provider', value='AWS'}, Tag{name='region', value='AP_SOUTH_1'}, Tag{name='workloadType', value='OPERATIONAL'}]}, electionId=7fffffff00000000000000b2, setVersion=7, topologyVersion=TopologyVersion{processId=62188c9a547d6ff139f5560e, counter=6}, lastWriteDate=Wed Mar 02 17:37:13 IST 2022, lastUpdateTimeNanos=780683739437900}
2022-03-02 17:37:13.167  INFO 3140 --- [cluster-ClusterId{value='621f5dee1490441595b3c44e', description='null'}-democluster-shard-00-02.mdzr6.mongodb.net:27017] org.mongodb.driver.cluster               : Monitor thread successfully connected to server with description ServerDescription{address=democluster-shard-00-02.mdzr6.mongodb.net:27017, type=REPLICA_SET_SECONDARY, state=CONNECTED, ok=true, minWireVersion=0, maxWireVersion=13, maxDocumentSize=16777216, logicalSessionTimeoutMinutes=30, roundTripTimeNanos=569568700, setName='atlas-y8z0k7-shard-0', canonicalAddress=democluster-shard-00-02.mdzr6.mongodb.net:27017, hosts=[democluster-shard-00-00.mdzr6.mongodb.net:27017, democluster-shard-00-01.mdzr6.mongodb.net:27017, democluster-shard-00-02.mdzr6.mongodb.net:27017], passives=[], arbiters=[], primary='democluster-shard-00-01.mdzr6.mongodb.net:27017', tagSet=TagSet{[Tag{name='nodeType', value='ELECTABLE'}, Tag{name='provider', value='AWS'}, Tag{name='region', value='AP_SOUTH_1'}, Tag{name='workloadType', value='OPERATIONAL'}]}, electionId=null, setVersion=7, topologyVersion=TopologyVersion{processId=62188de8e41d9f95e80669aa, counter=3}, lastWriteDate=Wed Mar 02 17:37:13 IST 2022, lastUpdateTimeNanos=780683738299200}
2022-03-02 17:37:13.170  INFO 3140 --- [cluster-ClusterId{value='621f5dee1490441595b3c44e', description='null'}-democluster-shard-00-01.mdzr6.mongodb.net:27017] org.mongodb.driver.cluster               : Setting max election id to 7fffffff00000000000000b2 from replica set primary democluster-shard-00-01.mdzr6.mongodb.net:27017
2022-03-02 17:37:13.171  INFO 3140 --- [cluster-ClusterId{value='621f5dee1490441595b3c44e', description='null'}-democluster-shard-00-01.mdzr6.mongodb.net:27017] org.mongodb.driver.cluster               : Setting max set version to 7 from replica set primary democluster-shard-00-01.mdzr6.mongodb.net:27017
2022-03-02 17:37:13.172  INFO 3140 --- [cluster-ClusterId{value='621f5dee1490441595b3c44e', description='null'}-democluster-shard-00-01.mdzr6.mongodb.net:27017] org.mongodb.driver.cluster               : Discovered replica set primary democluster-shard-00-01.mdzr6.mongodb.net:27017
2022-03-02 17:37:18.575  INFO 3140 --- [main] o.a.k.clients.admin.AdminClientConfig    : AdminClientConfig values: 
	bootstrap.servers = [localhost:9092]
	client.dns.lookup = use_all_dns_ips
	client.id = 
	connections.max.idle.ms = 300000
	default.api.timeout.ms = 60000
	metadata.max.age.ms = 300000
	metric.reporters = []
	metrics.num.samples = 2
	metrics.recording.level = INFO
	metrics.sample.window.ms = 30000
	receive.buffer.bytes = 65536
	reconnect.backoff.max.ms = 1000
	reconnect.backoff.ms = 50
	request.timeout.ms = 30000
	retries = 2147483647
	retry.backoff.ms = 100
	sasl.client.callback.handler.class = null
	sasl.jaas.config = null
	sasl.kerberos.kinit.cmd = /usr/bin/kinit
	sasl.kerberos.min.time.before.relogin = 60000
	sasl.kerberos.service.name = null
	sasl.kerberos.ticket.renew.jitter = 0.05
	sasl.kerberos.ticket.renew.window.factor = 0.8
	sasl.login.callback.handler.class = null
	sasl.login.class = null
	sasl.login.refresh.buffer.seconds = 300
	sasl.login.refresh.min.period.seconds = 60
	sasl.login.refresh.window.factor = 0.8
	sasl.login.refresh.window.jitter = 0.05
	sasl.mechanism = GSSAPI
	security.protocol = PLAINTEXT
	security.providers = null
	send.buffer.bytes = 131072
	socket.connection.setup.timeout.max.ms = 127000
	socket.connection.setup.timeout.ms = 10000
	ssl.cipher.suites = null
	ssl.enabled.protocols = [TLSv1.2]
	ssl.endpoint.identification.algorithm = https
	ssl.engine.factory.class = null
	ssl.key.password = null
	ssl.keymanager.algorithm = SunX509
	ssl.keystore.certificate.chain = null
	ssl.keystore.key = null
	ssl.keystore.location = null
	ssl.keystore.password = null
	ssl.keystore.type = JKS
	ssl.protocol = TLSv1.2
	ssl.provider = null
	ssl.secure.random.implementation = null
	ssl.trustmanager.algorithm = PKIX
	ssl.truststore.certificates = null
	ssl.truststore.location = null
	ssl.truststore.password = null
	ssl.truststore.type = JKS

2022-03-02 17:37:19.321  INFO 3140 --- [main] o.a.kafka.common.utils.AppInfoParser     : Kafka version: 2.7.1
2022-03-02 17:37:19.326  INFO 3140 --- [main] o.a.kafka.common.utils.AppInfoParser     : Kafka commitId: 61dbce85d0d41457
2022-03-02 17:37:19.326  INFO 3140 --- [main] o.a.kafka.common.utils.AppInfoParser     : Kafka startTimeMs: 1646222839315
2022-03-02 17:37:20.517  INFO 3140 --- [kafka-admin-client-thread | adminclient-1] o.a.kafka.common.utils.AppInfoParser     : App info kafka.admin.client for adminclient-1 unregistered
2022-03-02 17:37:20.526  INFO 3140 --- [kafka-admin-client-thread | adminclient-1] org.apache.kafka.common.metrics.Metrics  : Metrics scheduler closed
2022-03-02 17:37:20.526  INFO 3140 --- [kafka-admin-client-thread | adminclient-1] org.apache.kafka.common.metrics.Metrics  : Closing reporter org.apache.kafka.common.metrics.JmxReporter
2022-03-02 17:37:20.527  INFO 3140 --- [kafka-admin-client-thread | adminclient-1] org.apache.kafka.common.metrics.Metrics  : Metrics reporters closed
2022-03-02 17:37:20.622  INFO 3140 --- [main] o.a.k.clients.consumer.ConsumerConfig    : ConsumerConfig values: 
	allow.auto.create.topics = true
	auto.commit.interval.ms = 5000
	auto.offset.reset = earliest
	bootstrap.servers = [localhost:9092]
	check.crcs = true
	client.dns.lookup = use_all_dns_ips
	client.id = consumer-group_id-1
	client.rack = 
	connections.max.idle.ms = 540000
	default.api.timeout.ms = 60000
	enable.auto.commit = false
	exclude.internal.topics = true
	fetch.max.bytes = 52428800
	fetch.max.wait.ms = 500
	fetch.min.bytes = 1
	group.id = group_id
	group.instance.id = null
	heartbeat.interval.ms = 3000
	interceptor.classes = []
	internal.leave.group.on.close = true
	internal.throw.on.fetch.stable.offset.unsupported = false
	isolation.level = read_uncommitted
	key.deserializer = class org.apache.kafka.common.serialization.StringDeserializer
	max.partition.fetch.bytes = 1048576
	max.poll.interval.ms = 300000
	max.poll.records = 500
	metadata.max.age.ms = 300000
	metric.reporters = []
	metrics.num.samples = 2
	metrics.recording.level = INFO
	metrics.sample.window.ms = 30000
	partition.assignment.strategy = [class org.apache.kafka.clients.consumer.RangeAssignor]
	receive.buffer.bytes = 65536
	reconnect.backoff.max.ms = 1000
	reconnect.backoff.ms = 50
	request.timeout.ms = 30000
	retry.backoff.ms = 100
	sasl.client.callback.handler.class = null
	sasl.jaas.config = null
	sasl.kerberos.kinit.cmd = /usr/bin/kinit
	sasl.kerberos.min.time.before.relogin = 60000
	sasl.kerberos.service.name = null
	sasl.kerberos.ticket.renew.jitter = 0.05
	sasl.kerberos.ticket.renew.window.factor = 0.8
	sasl.login.callback.handler.class = null
	sasl.login.class = null
	sasl.login.refresh.buffer.seconds = 300
	sasl.login.refresh.min.period.seconds = 60
	sasl.login.refresh.window.factor = 0.8
	sasl.login.refresh.window.jitter = 0.05
	sasl.mechanism = GSSAPI
	security.protocol = PLAINTEXT
	security.providers = null
	send.buffer.bytes = 131072
	session.timeout.ms = 10000
	socket.connection.setup.timeout.max.ms = 127000
	socket.connection.setup.timeout.ms = 10000
	ssl.cipher.suites = null
	ssl.enabled.protocols = [TLSv1.2]
	ssl.endpoint.identification.algorithm = https
	ssl.engine.factory.class = null
	ssl.key.password = null
	ssl.keymanager.algorithm = SunX509
	ssl.keystore.certificate.chain = null
	ssl.keystore.key = null
	ssl.keystore.location = null
	ssl.keystore.password = null
	ssl.keystore.type = JKS
	ssl.protocol = TLSv1.2
	ssl.provider = null
	ssl.secure.random.implementation = null
	ssl.trustmanager.algorithm = PKIX
	ssl.truststore.certificates = null
	ssl.truststore.location = null
	ssl.truststore.password = null
	ssl.truststore.type = JKS
	value.deserializer = class org.apache.kafka.common.serialization.StringDeserializer

2022-03-02 17:37:20.789  INFO 3140 --- [main] o.a.kafka.common.utils.AppInfoParser     : Kafka version: 2.7.1
2022-03-02 17:37:20.790  INFO 3140 --- [main] o.a.kafka.common.utils.AppInfoParser     : Kafka commitId: 61dbce85d0d41457
2022-03-02 17:37:20.791  INFO 3140 --- [main] o.a.kafka.common.utils.AppInfoParser     : Kafka startTimeMs: 1646222840789
2022-03-02 17:37:20.874  INFO 3140 --- [main] o.a.k.clients.consumer.KafkaConsumer     : [Consumer clientId=consumer-group_id-1, groupId=group_id] Subscribed to topic(s): Tweets
2022-03-02 17:37:21.009  INFO 3140 --- [org.springframework.kafka.KafkaListenerEndpointContainer#0-0-C-1] org.apache.kafka.clients.Metadata        : [Consumer clientId=consumer-group_id-1, groupId=group_id] Cluster ID: lRjVe0AZQYyxlN5Q-D6xXg
2022-03-02 17:37:21.012  INFO 3140 --- [org.springframework.kafka.KafkaListenerEndpointContainer#0-0-C-1] o.a.k.c.c.internals.AbstractCoordinator  : [Consumer clientId=consumer-group_id-1, groupId=group_id] Discovered group coordinator 127.0.0.1:9092 (id: 2147483647 rack: null)
2022-03-02 17:37:21.045  INFO 3140 --- [org.springframework.kafka.KafkaListenerEndpointContainer#0-0-C-1] o.a.k.c.c.internals.AbstractCoordinator  : [Consumer clientId=consumer-group_id-1, groupId=group_id] (Re-)joining group
2022-03-02 17:37:21.047  INFO 3140 --- [main] com.tweetApp.demo.DemoApplicationTests   : Started DemoApplicationTests in 15.741 seconds (JVM running for 17.633)
2022-03-02 17:37:21.100  INFO 3140 --- [org.springframework.kafka.KafkaListenerEndpointContainer#0-0-C-1] o.a.k.c.c.internals.AbstractCoordinator  : [Consumer clientId=consumer-group_id-1, groupId=group_id] (Re-)joining group
2022-03-02 17:37:21.128  INFO 3140 --- [org.springframework.kafka.KafkaListenerEndpointContainer#0-0-C-1] o.a.k.c.c.internals.AbstractCoordinator  : [Consumer clientId=consumer-group_id-1, groupId=group_id] Successfully joined group with generation Generation{generationId=24, memberId='consumer-group_id-1-e55f317d-bcea-4181-80c7-4fd83f59597c', protocol='range'}
2022-03-02 17:37:21.139  INFO 3140 --- [org.springframework.kafka.KafkaListenerEndpointContainer#0-0-C-1] o.a.k.c.c.internals.ConsumerCoordinator  : [Consumer clientId=consumer-group_id-1, groupId=group_id] Finished assignment for group at generation 24: {consumer-group_id-1-e55f317d-bcea-4181-80c7-4fd83f59597c=Assignment(partitions=[Tweets-0, Tweets-1, Tweets-2])}
2022-03-02 17:37:21.277  INFO 3140 --- [org.springframework.kafka.KafkaListenerEndpointContainer#0-0-C-1] o.a.k.c.c.internals.AbstractCoordinator  : [Consumer clientId=consumer-group_id-1, groupId=group_id] Successfully synced group in generation Generation{generationId=24, memberId='consumer-group_id-1-e55f317d-bcea-4181-80c7-4fd83f59597c', protocol='range'}
2022-03-02 17:37:21.279  INFO 3140 --- [org.springframework.kafka.KafkaListenerEndpointContainer#0-0-C-1] o.a.k.c.c.internals.ConsumerCoordinator  : [Consumer clientId=consumer-group_id-1, groupId=group_id] Notifying assignor about the new Assignment(partitions=[Tweets-0, Tweets-1, Tweets-2])
2022-03-02 17:37:21.286  INFO 3140 --- [org.springframework.kafka.KafkaListenerEndpointContainer#0-0-C-1] o.a.k.c.c.internals.ConsumerCoordinator  : [Consumer clientId=consumer-group_id-1, groupId=group_id] Adding newly assigned partitions: Tweets-0, Tweets-1, Tweets-2
2022-03-02 17:37:21.317  INFO 3140 --- [org.springframework.kafka.KafkaListenerEndpointContainer#0-0-C-1] o.a.k.c.c.internals.ConsumerCoordinator  : [Consumer clientId=consumer-group_id-1, groupId=group_id] Setting offset for partition Tweets-0 to the committed offset FetchPosition{offset=5, offsetEpoch=Optional.empty, currentLeader=LeaderAndEpoch{leader=Optional[127.0.0.1:9092 (id: 0 rack: null)], epoch=0}}
2022-03-02 17:37:21.317  INFO 3140 --- [org.springframework.kafka.KafkaListenerEndpointContainer#0-0-C-1] o.a.k.c.c.internals.ConsumerCoordinator  : [Consumer clientId=consumer-group_id-1, groupId=group_id] Setting offset for partition Tweets-1 to the committed offset FetchPosition{offset=4, offsetEpoch=Optional.empty, currentLeader=LeaderAndEpoch{leader=Optional[127.0.0.1:9092 (id: 0 rack: null)], epoch=0}}
2022-03-02 17:37:21.318  INFO 3140 --- [org.springframework.kafka.KafkaListenerEndpointContainer#0-0-C-1] o.a.k.c.c.internals.ConsumerCoordinator  : [Consumer clientId=consumer-group_id-1, groupId=group_id] Setting offset for partition Tweets-2 to the committed offset FetchPosition{offset=2, offsetEpoch=Optional.empty, currentLeader=LeaderAndEpoch{leader=Optional[127.0.0.1:9092 (id: 0 rack: null)], epoch=0}}
2022-03-02 17:37:22.140  WARN 3140 --- [main] wtTokenAuthorizationOncePerRequestFilter : JWT_TOKEN_DOES_NOT_START_WITH_BEARER_STRING
2022-03-02 17:37:23.994  INFO 3140 --- [main] org.mongodb.driver.connection            : Opened connection [connectionId{localValue:7, serverValue:673367}] to democluster-shard-00-01.mdzr6.mongodb.net:27017
2022-03-02 17:37:24.414  WARN 3140 --- [main] wtTokenAuthorizationOncePerRequestFilter : JWT_TOKEN_DOES_NOT_START_WITH_BEARER_STRING
2022-03-02 17:37:24.702  INFO 3140 --- [main] com.tweetApp.services.TweetsService      : Users(firstName=sample2, lastName=sample2, userId=sample2, password=sample22, email=sample2@gmail.com, contactNumber=9999999999, tweets=[Tweets(tweetId=61cc1e0b886ef16739919d0c, tweetText=Tweet updated!, createdAt=01/02/2022, likes=23, parentTweetId=null, replies=[Tweets(tweetId=620b5afe66a3c63d339dd58f, tweetText=thanks for updating, createdAt=15/02/2022, likes=0, parentTweetId=61cc1e0b886ef16739919d0c, replies=[]), Tweets(tweetId=6213393b8b5dda30a3ca22ed, tweetText=@sample1:-testing replying from angular , createdAt=21/02/2022, likes=0, parentTweetId=61cc1e0b886ef16739919d0c, replies=[]), Tweets(tweetId=62133a078b5dda30a3ca232b, tweetText=@sample1:-testing closing addreply, createdAt=21/02/2022, likes=0, parentTweetId=61cc1e0b886ef16739919d0c, replies=[]), Tweets(tweetId=621f5dfc1490441595b3c454, tweetText=@sample1:-test after adding autoreload , createdAt=21/02/2022, likes=0, parentTweetId=61cc1e0b886ef16739919d0c, replies=[])]), Tweets(tweetId=620a588f71e2833f798c7034, tweetText=hi sample1!this is sample2, createdAt=14/02/2022, likes=17, parentTweetId=61cb1805dca3627e7260941d, replies=[]), Tweets(tweetId=620a5af971e2833f798c70bd, tweetText=hi sample1!this is sample2, createdAt=14/02/2022, likes=12, parentTweetId=61fa7f6a01ff5038bedfcc8d, replies=[Tweets(tweetId=620b512463053c2277b5dd8b, tweetText=Hello sample2! nice to meet you, createdAt=15/02/2022, likes=0, parentTweetId=620a5af971e2833f798c70bd, replies=[])]), Tweets(tweetId=620a612171e2833f798c7340, tweetText=hi sample1!this is sample2, createdAt=14/02/2022, likes=11, parentTweetId=61fa7fc0f711251961f42751, replies=[Tweets(tweetId=620b90a85a1d3a15b2f3f14c, tweetText=@sample1:-who are you?, createdAt=15/02/2022, likes=0, parentTweetId=620a612171e2833f798c7340, replies=[]), Tweets(tweetId=620b90e55a1d3a15b2f3f172, tweetText=@sample3:-Hey sample1 I know him.He is sample2 from xxx., createdAt=15/02/2022, likes=0, parentTweetId=620a612171e2833f798c7340, replies=[])])])
2022-03-02 17:37:24.731  WARN 3140 --- [main] wtTokenAuthorizationOncePerRequestFilter : JWT_TOKEN_DOES_NOT_START_WITH_BEARER_STRING
2022-03-02 17:37:25.092 ERROR 3140 --- [main] com.tweetApp.services.TweetsService      : No user found containing given name
2022-03-02 17:37:25.108  WARN 3140 --- [main] wtTokenAuthorizationOncePerRequestFilter : JWT_TOKEN_DOES_NOT_START_WITH_BEARER_STRING
2022-03-02 17:37:25.364  WARN 3140 --- [main] wtTokenAuthorizationOncePerRequestFilter : JWT_TOKEN_DOES_NOT_START_WITH_BEARER_STRING
2022-03-02 17:37:25.622  WARN 3140 --- [main] wtTokenAuthorizationOncePerRequestFilter : JWT_TOKEN_DOES_NOT_START_WITH_BEARER_STRING
2022-03-02 17:37:25.870  WARN 3140 --- [main] wtTokenAuthorizationOncePerRequestFilter : JWT_TOKEN_DOES_NOT_START_WITH_BEARER_STRING
2022-03-02 17:37:26.231  WARN 3140 --- [main] wtTokenAuthorizationOncePerRequestFilter : JWT_TOKEN_DOES_NOT_START_WITH_BEARER_STRING
2022-03-02 17:37:26.468  INFO 3140 --- [main] com.tweetApp.services.TweetsService      : No value present
2022-03-02 17:37:26.482  WARN 3140 --- [main] wtTokenAuthorizationOncePerRequestFilter : JWT_TOKEN_DOES_NOT_START_WITH_BEARER_STRING
2022-03-02 17:37:26.656  INFO 3140 --- [main] o.a.kafka.clients.producer.Producer      : inside kafka producer for registering user
2022-03-02 17:37:26.686  INFO 3140 --- [main] o.a.k.clients.producer.ProducerConfig    : ProducerConfig values: 
	acks = 1
	batch.size = 16384
	bootstrap.servers = [localhost:9092]
	buffer.memory = 33554432
	client.dns.lookup = use_all_dns_ips
	client.id = producer-1
	compression.type = none
	connections.max.idle.ms = 540000
	delivery.timeout.ms = 120000
	enable.idempotence = false
	interceptor.classes = []
	internal.auto.downgrade.txn.commit = true
	key.serializer = class org.apache.kafka.common.serialization.StringSerializer
	linger.ms = 0
	max.block.ms = 60000
	max.in.flight.requests.per.connection = 5
	max.request.size = 1048576
	metadata.max.age.ms = 300000
	metadata.max.idle.ms = 300000
	metric.reporters = []
	metrics.num.samples = 2
	metrics.recording.level = INFO
	metrics.sample.window.ms = 30000
	partitioner.class = class org.apache.kafka.clients.producer.internals.DefaultPartitioner
	receive.buffer.bytes = 32768
	reconnect.backoff.max.ms = 1000
	reconnect.backoff.ms = 50
	request.timeout.ms = 30000
	retries = 2147483647
	retry.backoff.ms = 100
	sasl.client.callback.handler.class = null
	sasl.jaas.config = null
	sasl.kerberos.kinit.cmd = /usr/bin/kinit
	sasl.kerberos.min.time.before.relogin = 60000
	sasl.kerberos.service.name = null
	sasl.kerberos.ticket.renew.jitter = 0.05
	sasl.kerberos.ticket.renew.window.factor = 0.8
	sasl.login.callback.handler.class = null
	sasl.login.class = null
	sasl.login.refresh.buffer.seconds = 300
	sasl.login.refresh.min.period.seconds = 60
	sasl.login.refresh.window.factor = 0.8
	sasl.login.refresh.window.jitter = 0.05
	sasl.mechanism = GSSAPI
	security.protocol = PLAINTEXT
	security.providers = null
	send.buffer.bytes = 131072
	socket.connection.setup.timeout.max.ms = 127000
	socket.connection.setup.timeout.ms = 10000
	ssl.cipher.suites = null
	ssl.enabled.protocols = [TLSv1.2]
	ssl.endpoint.identification.algorithm = https
	ssl.engine.factory.class = null
	ssl.key.password = null
	ssl.keymanager.algorithm = SunX509
	ssl.keystore.certificate.chain = null
	ssl.keystore.key = null
	ssl.keystore.location = null
	ssl.keystore.password = null
	ssl.keystore.type = JKS
	ssl.protocol = TLSv1.2
	ssl.provider = null
	ssl.secure.random.implementation = null
	ssl.trustmanager.algorithm = PKIX
	ssl.truststore.certificates = null
	ssl.truststore.location = null
	ssl.truststore.password = null
	ssl.truststore.type = JKS
	transaction.timeout.ms = 60000
	transactional.id = null
	value.serializer = class org.apache.kafka.common.serialization.StringSerializer

2022-03-02 17:37:26.770  INFO 3140 --- [main] o.a.kafka.common.utils.AppInfoParser     : Kafka version: 2.7.1
2022-03-02 17:37:26.771  INFO 3140 --- [main] o.a.kafka.common.utils.AppInfoParser     : Kafka commitId: 61dbce85d0d41457
2022-03-02 17:37:26.771  INFO 3140 --- [main] o.a.kafka.common.utils.AppInfoParser     : Kafka startTimeMs: 1646222846770
2022-03-02 17:37:26.791  INFO 3140 --- [kafka-producer-network-thread | producer-1] org.apache.kafka.clients.Metadata        : [Producer clientId=producer-1] Cluster ID: lRjVe0AZQYyxlN5Q-D6xXg
2022-03-02 17:37:26.881  INFO 3140 --- [org.springframework.kafka.KafkaListenerEndpointContainer#0-0-C-1] com.tweetApp.kafka.kafkaConsumer         : inside consumer for registering user
2022-03-02 17:37:26.897  INFO 3140 --- [org.springframework.kafka.KafkaListenerEndpointContainer#0-0-C-1] com.tweetApp.kafka.kafkaConsumer         : Users(firstName=yyy, lastName=yyy, userId=sample1, password=yyy, email=yyy@gmail.com, contactNumber=9999999999, tweets=[])
2022-03-02 17:37:26.901  WARN 3140 --- [main] wtTokenAuthorizationOncePerRequestFilter : JWT_TOKEN_DOES_NOT_START_WITH_BEARER_STRING
2022-03-02 17:37:26.956  INFO 3140 --- [org.springframework.kafka.KafkaListenerEndpointContainer#0-0-C-1] com.tweetApp.kafka.kafkaConsumer         : user saved successfully!
2022-03-02 17:37:27.174  WARN 3140 --- [main] wtTokenAuthorizationOncePerRequestFilter : JWT_TOKEN_DOES_NOT_START_WITH_BEARER_STRING
2022-03-02 17:37:27.492  WARN 3140 --- [main] wtTokenAuthorizationOncePerRequestFilter : JWT_TOKEN_DOES_NOT_START_WITH_BEARER_STRING
2022-03-02 17:37:27.879  WARN 3140 --- [main] wtTokenAuthorizationOncePerRequestFilter : JWT_TOKEN_DOES_NOT_START_WITH_BEARER_STRING
2022-03-02 17:37:28.097  INFO 3140 --- [main] com.tweetApp.services.TweetsService      : No value present
2022-03-02 17:37:28.109  WARN 3140 --- [main] wtTokenAuthorizationOncePerRequestFilter : JWT_TOKEN_DOES_NOT_START_WITH_BEARER_STRING
2022-03-02 17:37:28.232  INFO 3140 --- [main] com.tweetApp.services.TweetsService      : sample1
2022-03-02 17:37:28.233  INFO 3140 --- [main] com.tweetApp.services.TweetsService      : 61fa73d8db05e170d2f43914
2022-03-02 17:37:28.336 ERROR 3140 --- [main] com.tweetApp.services.TweetsService      : No value present
2022-03-02 17:37:28.354  WARN 3140 --- [main] wtTokenAuthorizationOncePerRequestFilter : JWT_TOKEN_DOES_NOT_START_WITH_BEARER_STRING
2022-03-02 17:37:28.511  INFO 3140 --- [main] o.a.kafka.clients.producer.Producer      : inside kafka producer for registering user
2022-03-02 17:37:28.525  INFO 3140 --- [org.springframework.kafka.KafkaListenerEndpointContainer#0-0-C-1] com.tweetApp.kafka.kafkaConsumer         : inside consumer for registering user
2022-03-02 17:37:28.526  INFO 3140 --- [org.springframework.kafka.KafkaListenerEndpointContainer#0-0-C-1] com.tweetApp.kafka.kafkaConsumer         : Users(firstName=yyy, lastName=yyy, userId=x0.2526892127044882, password=yyy, email=yyy@gmail.com, contactNumber=9999999999, tweets=[])
2022-03-02 17:37:28.535  WARN 3140 --- [main] wtTokenAuthorizationOncePerRequestFilter : JWT_TOKEN_DOES_NOT_START_WITH_BEARER_STRING
2022-03-02 17:37:28.585  INFO 3140 --- [org.springframework.kafka.KafkaListenerEndpointContainer#0-0-C-1] com.tweetApp.kafka.kafkaConsumer         : user saved successfully!
2022-03-02 17:37:28.791  WARN 3140 --- [main] wtTokenAuthorizationOncePerRequestFilter : JWT_TOKEN_DOES_NOT_START_WITH_BEARER_STRING
2022-03-02 17:37:29.136  WARN 3140 --- [main] wtTokenAuthorizationOncePerRequestFilter : JWT_TOKEN_DOES_NOT_START_WITH_BEARER_STRING
2022-03-02 17:37:29.293  INFO 3140 --- [main] com.tweetApp.services.TweetsService      : sample1
2022-03-02 17:37:29.294  INFO 3140 --- [main] com.tweetApp.services.TweetsService      : 62188be75cf0372f8992bae4
2022-03-02 17:37:29.400 ERROR 3140 --- [main] com.tweetApp.services.TweetsService      : No value present
2022-03-02 17:37:29.413  WARN 3140 --- [main] wtTokenAuthorizationOncePerRequestFilter : JWT_TOKEN_DOES_NOT_START_WITH_BEARER_STRING
2022-03-02 17:37:29.608  INFO 3140 --- [main] com.tweetApp.services.TweetsService      : xxx23
2022-03-02 17:37:29.609  INFO 3140 --- [main] com.tweetApp.services.TweetsService      : 61fa73d8db05e170d2f43914
2022-03-02 17:37:29.709 ERROR 3140 --- [main] com.tweetApp.services.TweetsService      : No value present
2022-03-02 17:37:29.719  WARN 3140 --- [main] wtTokenAuthorizationOncePerRequestFilter : JWT_TOKEN_DOES_NOT_START_WITH_BEARER_STRING
2022-03-02 17:37:29.923  WARN 3140 --- [main] wtTokenAuthorizationOncePerRequestFilter : JWT_TOKEN_DOES_NOT_START_WITH_BEARER_STRING
2022-03-02 17:37:30.122  WARN 3140 --- [main] wtTokenAuthorizationOncePerRequestFilter : JWT_TOKEN_DOES_NOT_START_WITH_BEARER_STRING
2022-03-02 17:37:30.383  INFO 3140 --- [main] com.tweetApp.services.TweetsService      : No value present
2022-03-02 17:37:30.397  WARN 3140 --- [main] wtTokenAuthorizationOncePerRequestFilter : JWT_TOKEN_DOES_NOT_START_WITH_BEARER_STRING
2022-03-02 17:37:30.596  INFO 3140 --- [main] com.tweetApp.services.TweetsService      : xxx
2022-03-02 17:37:30.597  INFO 3140 --- [main] com.tweetApp.services.TweetsService      : 61fa731702757d33a9b0461d
2022-03-02 17:37:30.692 ERROR 3140 --- [main] com.tweetApp.services.TweetsService      : No value present
2022-03-02 17:37:30.703  WARN 3140 --- [main] wtTokenAuthorizationOncePerRequestFilter : JWT_TOKEN_DOES_NOT_START_WITH_BEARER_STRING
2022-03-02 17:37:30.902  WARN 3140 --- [main] wtTokenAuthorizationOncePerRequestFilter : JWT_TOKEN_DOES_NOT_START_WITH_BEARER_STRING
2022-03-02 17:37:31.077 ERROR 3140 --- [main] com.tweetApp.services.TweetsService      : No user found with the given Id
2022-03-02 17:37:31.178  INFO 3140 --- [org.springframework.kafka.KafkaListenerEndpointContainer#0-0-C-1] o.a.k.c.c.internals.ConsumerCoordinator  : [Consumer clientId=consumer-group_id-1, groupId=group_id] Revoke previously assigned partitions Tweets-0, Tweets-1, Tweets-2
2022-03-02 17:37:31.179  INFO 3140 --- [org.springframework.kafka.KafkaListenerEndpointContainer#0-0-C-1] o.a.k.c.c.internals.AbstractCoordinator  : [Consumer clientId=consumer-group_id-1, groupId=group_id] Member consumer-group_id-1-e55f317d-bcea-4181-80c7-4fd83f59597c sending LeaveGroup request to coordinator 127.0.0.1:9092 (id: 2147483647 rack: null) due to the consumer unsubscribed from all topics
2022-03-02 17:37:31.181  INFO 3140 --- [org.springframework.kafka.KafkaListenerEndpointContainer#0-0-C-1] o.a.k.clients.consumer.KafkaConsumer     : [Consumer clientId=consumer-group_id-1, groupId=group_id] Unsubscribed all topics or patterns and assigned partitions
2022-03-02 17:37:31.207  INFO 3140 --- [org.springframework.kafka.KafkaListenerEndpointContainer#0-0-C-1] org.apache.kafka.common.metrics.Metrics  : Metrics scheduler closed
2022-03-02 17:37:31.208  INFO 3140 --- [org.springframework.kafka.KafkaListenerEndpointContainer#0-0-C-1] org.apache.kafka.common.metrics.Metrics  : Closing reporter org.apache.kafka.common.metrics.JmxReporter
2022-03-02 17:37:31.208  INFO 3140 --- [org.springframework.kafka.KafkaListenerEndpointContainer#0-0-C-1] org.apache.kafka.common.metrics.Metrics  : Metrics reporters closed
2022-03-02 17:37:31.219  INFO 3140 --- [org.springframework.kafka.KafkaListenerEndpointContainer#0-0-C-1] o.a.kafka.common.utils.AppInfoParser     : App info kafka.consumer for consumer-group_id-1 unregistered
2022-03-02 17:37:31.234  INFO 3140 --- [SpringApplicationShutdownHook] o.a.k.clients.producer.KafkaProducer     : [Producer clientId=producer-1] Closing the Kafka producer with timeoutMillis = 30000 ms.
2022-03-02 17:37:31.242  INFO 3140 --- [SpringApplicationShutdownHook] org.apache.kafka.common.metrics.Metrics  : Metrics scheduler closed
2022-03-02 17:37:31.243  INFO 3140 --- [SpringApplicationShutdownHook] org.apache.kafka.common.metrics.Metrics  : Closing reporter org.apache.kafka.common.metrics.JmxReporter
2022-03-02 17:37:31.244  INFO 3140 --- [SpringApplicationShutdownHook] org.apache.kafka.common.metrics.Metrics  : Metrics reporters closed
2022-03-02 17:37:31.244  INFO 3140 --- [SpringApplicationShutdownHook] o.a.kafka.common.utils.AppInfoParser     : App info kafka.producer for producer-1 unregistered
2022-03-02 17:37:31.313  INFO 3140 --- [SpringApplicationShutdownHook] org.mongodb.driver.connection            : Closed connection [connectionId{localValue:7, serverValue:673367}] to democluster-shard-00-01.mdzr6.mongodb.net:27017 because the pool has been closed.
